[2025-12-01 20:33:50] [INFO] === MIME-OS System Logger Initialized ===
[2025-12-01 20:33:50] [INFO] --- MIME-OS Boot Sequence Started ---
[2025-12-01 20:33:50] [INFO] Loading Kernel components...
[2025-12-01 20:33:51] [DEBUG] Memory Manager Initialized: 1024 MB Available
[2025-12-01 20:33:52] [WARN] FileSystem check: Disk format is old (Version 1.0)
[2025-12-01 20:33:53] [ERROR] Network Module not found! Skipping...
[2025-12-01 20:33:53] [INFO] System is ready for user input.
[2025-12-01 20:33:53] [INFO] === System Logger Closed ===
[2025-12-01 20:38:02] [INFO] === MIME-OS System Logger Initialized ===
[2025-12-01 20:38:02] [INFO] --- MIME-OS Boot Sequence Started ---
[2025-12-01 20:38:02] [INFO] Loading Kernel components...
[2025-12-01 20:38:03] [DEBUG] Memory Manager Initialized: 1024 MB Available
[2025-12-01 20:38:04] [WARN] FileSystem check: Disk format is old (Version 1.0)
[2025-12-01 20:38:05] [ERROR] Network Module not found! Skipping...
[2025-12-01 20:38:05] [INFO] System is ready for user input.
[2025-12-01 20:38:05] [INFO] === System Logger Closed ===
[2025-12-01 21:05:05] [INFO] === MIME-OS System Logger Initialized ===
[2025-12-01 21:05:05] [INFO] --- MIME-OS Boot Sequence Started ---
[2025-12-01 21:05:05] [INFO] Loading Kernel components...
[2025-12-01 21:05:06] [DEBUG] Memory Manager Initialized: 1024 MB Available
[2025-12-01 21:05:07] [WARN] FileSystem check: Disk format is old (Version 1.0)
[2025-12-01 21:05:08] [ERROR] Network Module not found! Skipping...
[2025-12-01 21:05:08] [INFO] System is ready for user input.
[2025-12-01 21:05:08] [INFO] === System Logger Closed ===
[2025-12-02 01:51:16] [INFO] === MIME-OS System Logger Initialized ===
[2025-12-02 01:51:16] [INFO] System Booted Successfully in New Window.
[2025-12-02 01:51:16] [INFO] Shell session started interactively.
[2025-12-02 01:51:57] [INFO] Shell session ended.
[2025-12-02 01:51:57] [INFO] === System Logger Closed ===
[2025-12-02 01:58:28] [INFO] === MIME-OS System Logger Initialized ===
[2025-12-02 01:58:28] [INFO] System Booted Successfully in New Window.
[2025-12-02 01:58:28] [INFO] Shell session started interactively.
[2025-12-02 01:58:36] [INFO] Call Help
[2025-12-02 01:58:36] [INFO] Execute  Help Command
[2025-12-02 01:59:00] [WARN] Call Unknown Command
[2025-12-02 01:59:08] [INFO]  Call Exit
[2025-12-02 01:59:08] [INFO] Shell session ended.
[2025-12-02 01:59:08] [INFO] === System Logger Closed ===
[2025-12-02 02:05:07] [INFO] === MIME-OS System Logger Initialized ===
[2025-12-02 02:05:07] [INFO] System Booted Successfully in New Window.
[2025-12-02 02:05:07] [INFO] Shell session started interactively.
[2025-12-02 02:05:20] [WARN] Call Unknown Command
[2025-12-02 02:09:59] [INFO] === MIME-OS System Logger Initialized ===
[2025-12-02 02:09:59] [INFO] System Booted Successfully in New Window.
[2025-12-02 02:09:59] [INFO] Shell session started interactively.
[2025-12-02 02:10:06] [WARN] Call Unknown Command
[2025-12-02 02:10:18] [INFO] === MIME-OS System Logger Initialized ===
[2025-12-02 02:10:18] [INFO] System Booted Successfully in New Window.
[2025-12-02 02:10:18] [INFO] Shell session started interactively.
[2025-12-02 02:40:21] [INFO] === MIME-OS System Logger Initialized ===
[2025-12-02 02:40:21] [INFO] System Booted Successfully in New Window.
[2025-12-02 02:40:21] [INFO] Shell session started interactively.
[2025-12-02 02:40:28] [WARN] Call Unknown Command
[2025-12-02 02:40:28] [WARN] Call Unknown Command
[2025-12-02 02:40:28] [WARN] Call Unknown Command
[2025-12-02 02:41:21] [INFO] === MIME-OS System Logger Initialized ===
[2025-12-02 02:41:21] [INFO] System Booted Successfully in New Window.
[2025-12-02 02:41:21] [INFO] Shell session started interactively.
[2025-12-02 02:41:28] [INFO] Call Sum
[2025-12-02 02:42:30] [INFO] === MIME-OS System Logger Initialized ===
[2025-12-02 02:42:30] [INFO] System Booted Successfully in New Window.
[2025-12-02 02:42:30] [INFO] Shell session started interactively.
[2025-12-02 02:42:36] [INFO] Call Sum
[2025-12-02 02:44:17] [INFO] === MIME-OS System Logger Initialized ===
[2025-12-02 02:44:17] [INFO] System Booted Successfully in New Window.
[2025-12-02 02:44:17] [INFO] Shell session started interactively.
[2025-12-02 02:44:23] [INFO] Call Sum
[2025-12-02 02:46:35] [INFO] === MIME-OS System Logger Initialized ===
[2025-12-02 02:46:35] [INFO] System Booted Successfully in New Window.
[2025-12-02 02:46:35] [INFO] Shell session started interactively.
[2025-12-02 02:46:41] [INFO] Call Sum
[2025-12-02 02:46:41] [INFO] execute Sum
[2025-12-02 02:47:07] [INFO] Call Sum
[2025-12-02 02:47:07] [INFO] execute Sum
[2025-12-02 02:48:23] [INFO] === MIME-OS System Logger Initialized ===
[2025-12-02 02:48:23] [INFO] System Booted Successfully in New Window.
[2025-12-02 02:48:23] [INFO] Shell session started interactively.
[2025-12-02 02:48:29] [INFO] Call Sum
[2025-12-02 02:48:29] [INFO] execute Sum
[2025-12-02 02:51:52] [INFO]  Call Exit
[2025-12-02 02:51:52] [INFO] Shell session ended.
[2025-12-02 02:51:52] [INFO] === System Logger Closed ===
[2025-12-02 02:52:17] [INFO]  Call Exit
[2025-12-02 02:52:17] [INFO] Shell session ended.
[2025-12-02 02:52:17] [INFO] === System Logger Closed ===
[2025-12-02 03:53:19] [INFO] === MIME-OS System Logger Initialized ===
[2025-12-02 03:53:19] [INFO] System Booted Successfully in New Window.
[2025-12-02 03:53:19] [INFO] Shell session started interactively.
[2025-12-02 03:53:23] [WARN] Call Unknown Command
[2025-12-02 03:54:04] [INFO] === MIME-OS System Logger Initialized ===
[2025-12-02 03:54:04] [INFO] System Booted Successfully in New Window.
[2025-12-02 03:54:04] [INFO] Shell session started interactively.
[2025-12-02 03:54:12] [INFO] Call Sum
[2025-12-02 03:54:12] [INFO] execute Sum
[2025-12-02 03:54:18] [INFO] Call Help
[2025-12-02 03:54:18] [INFO] Execute  Help Command
[2025-12-02 03:54:23] [INFO] Call Clear
[2025-12-02 03:54:23] [INFO] Clearing Screen
[2025-12-02 03:54:30] [INFO] Call Help
[2025-12-02 03:54:30] [INFO] Execute  Help Command
[2025-12-02 03:54:37] [INFO]  Call Exit
[2025-12-02 03:54:37] [INFO] Shell session ended.
[2025-12-02 03:54:37] [INFO] === System Logger Closed ===
[2025-12-02 04:18:53] [INFO] === MIME-OS System Logger Initialized ===
[2025-12-02 04:18:53] [INFO] System Booted Successfully in New Window.
[2025-12-02 04:18:53] [INFO] Shell session started interactively.
[2025-12-02 04:19:02] [INFO] Call Sum
[2025-12-02 04:19:02] [INFO] execute Sum
[2025-12-02 04:19:14] [INFO] Call Help
[2025-12-02 04:19:14] [INFO] Execute  Help Command
[2025-12-02 04:56:18] [INFO] === MIME-OS System Logger Initialized ===
[2025-12-02 04:56:18] [INFO] System Booted Successfully in New Window.
[2025-12-02 04:56:18] [INFO] Shell session started interactively.
[2025-12-02 04:56:27] [WARN] Call Unknown Command
[2025-12-02 04:56:35] [INFO] Call Sum
[2025-12-02 17:15:03] [INFO] === MIME-OS System Logger Initialized ===
[2025-12-02 17:15:03] [INFO] System Booted Successfully in New Window.
[2025-12-02 17:15:03] [INFO] Shell session started interactively.
[2025-12-02 18:56:13] [INFO] Call Help
[2025-12-02 18:56:13] [INFO] Execute  Help Command
[2025-12-02 18:56:57] [INFO] Call Sum
[2025-12-02 18:56:57] [INFO] execute Sum
[2025-12-02 18:57:04] [INFO] Call Clear
[2025-12-02 18:57:04] [INFO] Clearing Screen
[2025-12-02 18:57:07] [WARN] Call Unknown Command
[2025-12-02 18:57:14] [INFO]  Call Exit
[2025-12-02 18:57:14] [INFO] Shell session ended.
[2025-12-02 18:57:14] [INFO] === System Logger Closed ===
[2025-12-02 19:15:31] [INFO] === MIME-OS System Logger Initialized ===
[2025-12-02 19:15:31] [INFO] System Booted Successfully in New Window.
[2025-12-02 19:15:31] [INFO] Shell session started interactively.
[2025-12-02 19:15:45] [WARN] Call Unknown Command
[2025-12-02 19:15:48] [INFO] Call Clear
[2025-12-02 19:15:48] [INFO] Clearing Screen
[2025-12-02 19:15:50] [INFO] Call Clear
[2025-12-02 19:15:50] [INFO] Clearing Screen
[2025-12-02 19:15:54] [INFO] Call Help
[2025-12-02 19:15:54] [INFO] Execute  Help Command
[2025-12-02 20:01:11] [INFO]  Call Exit
[2025-12-02 20:01:11] [INFO] Shell session ended.
[2025-12-02 20:01:11] [INFO] === System Logger Closed ===
[2025-12-02 20:01:19] [INFO] === MIME-OS System Logger Initialized ===
[2025-12-02 20:01:19] [INFO] System Booted Successfully in New Window.
[2025-12-02 20:01:19] [INFO] Shell session started interactively.
[2025-12-02 20:44:02] [INFO]  Call Exit
[2025-12-02 20:44:02] [INFO] Shell session ended.
[2025-12-02 20:44:02] [INFO] === System Logger Closed ===
[2025-12-03 03:59:08] [INFO] === MIME-OS System Logger Initialized ===
[2025-12-03 03:59:08] [INFO] System Booted Successfully in New Window.
[2025-12-03 03:59:08] [INFO] Shell session started interactively.
[2025-12-04 07:30:52] [INFO] === MIME-OS System Logger Initialized ===
[2025-12-04 07:30:52] [INFO] System Booted Successfully in New Window.
[2025-12-04 07:30:52] [INFO] Shell session started interactively.
[2025-12-04 07:31:33] [INFO] Process created: chrome
[2025-12-04 07:31:42] [INFO] Process created: app
[2025-12-04 07:31:56] [INFO] Killed process PID: 100
